<?xml version="1.0" encoding="UTF-8"?>
<!-- Generated by org.testng.reporters.JUnitReportReporter -->
<testsuite hostname="IBM-47KJ3F3" failures="0" tests="1" name="com.testing.TestTwo" time="4.315" errors="0" timestamp="2023-07-19T20:26:21 IST" skipped="0">
  <testcase classname="com.testing.TestTwo" name="passTest" time="4.315"/>
</testsuite> <!-- com.testing.TestTwo -->
