<?xml version="1.0" encoding="UTF-8"?>
<!-- Generated by org.testng.reporters.JUnitReportReporter -->
<testsuite hostname="IBM-47KJ3F3" failures="0" tests="1" name="com.testing.Testing" time="11.118" errors="0" timestamp="2023-07-20T22:14:04 IST" skipped="0">
  <testcase classname="com.testing.Testing" name="GooglePassTest" time="11.118"/>
</testsuite> <!-- com.testing.Testing -->
