<?xml version="1.0" encoding="UTF-8"?>
<!-- Generated by org.testng.reporters.JUnitReportReporter -->
<testsuite hostname="IBM-47KJ3F3" failures="0" tests="1" name="com.testing.LoginTest" time="198.945" errors="0" timestamp="2023-07-24T16:00:14 IST" skipped="0">
  <testcase classname="com.testing.LoginTest" name="loginTest" time="198.945"/>
</testsuite> <!-- com.testing.LoginTest -->
