<?xml version="1.0" encoding="UTF-8"?>
<!-- Generated by org.testng.reporters.JUnitReportReporter -->
<testsuite hostname="IBM-47KJ3F3" failures="0" tests="1" name="com.testing.FDProposalCreationTest" time="25.371" errors="0" timestamp="2023-07-27T23:59:01 IST" skipped="0">
  <testcase classname="com.testing.FDProposalCreationTest" name="fdProposalCreation" time="25.371"/>
</testsuite> <!-- com.testing.FDProposalCreationTest -->
